c:\users\xiaotong\documents\repository\opengl\phong\phong\debug\geometry.nativecodeanalysis.xml
c:\users\xiaotong\documents\repository\opengl\phong\phong\debug\inputmodule.nativecodeanalysis.xml
c:\users\xiaotong\documents\repository\opengl\phong\phong\debug\main.nativecodeanalysis.xml
c:\users\xiaotong\documents\repository\opengl\phong\phong\debug\ply.nativecodeanalysis.xml
c:\users\xiaotong\documents\repository\opengl\phong\phong\debug\vc141.pdb
c:\users\xiaotong\documents\repository\opengl\phong\phong\debug\vc141.idb
c:\users\xiaotong\documents\repository\opengl\phong\phong\debug\ply.obj
c:\users\xiaotong\documents\repository\opengl\phong\phong\debug\main.obj
c:\users\xiaotong\documents\repository\opengl\phong\phong\debug\inputmodule.obj
c:\users\xiaotong\documents\repository\opengl\phong\phong\debug\geometry.obj
c:\users\xiaotong\documents\repository\opengl\phong\debug\phong.exe
c:\users\xiaotong\documents\repository\opengl\phong\debug\phong.ilk
c:\users\xiaotong\documents\repository\opengl\phong\debug\phong.pdb
c:\users\xiaotong\documents\repository\opengl\phong\phong\debug\nativecodeanalysis.read.1.tlog
c:\users\xiaotong\documents\repository\opengl\phong\phong\debug\vc.nativecodeanalysis.all.xml
c:\users\xiaotong\documents\repository\opengl\phong\phong\debug\phong.tlog\cl.command.1.tlog
c:\users\xiaotong\documents\repository\opengl\phong\phong\debug\phong.tlog\cl.read.1.tlog
c:\users\xiaotong\documents\repository\opengl\phong\phong\debug\phong.tlog\cl.write.1.tlog
c:\users\xiaotong\documents\repository\opengl\phong\phong\debug\phong.tlog\link.command.1.tlog
c:\users\xiaotong\documents\repository\opengl\phong\phong\debug\phong.tlog\link.read.1.tlog
c:\users\xiaotong\documents\repository\opengl\phong\phong\debug\phong.tlog\link.write.1.tlog
